<?xml version="1.0" encoding="UTF-8"?>
<!-- Generated by org.testng.reporters.JUnitReportReporter -->
<testsuite hostname="DESKTOP-QH90NO7" failures="0" tests="1" name="mahi.TestNG" time="0.034" errors="0" timestamp="2021-07-30T19:01:19 IST" skipped="0">
  <testcase classname="mahi.TestNG" name="f" time="0.034"/>
  <system-out/>
</testsuite> <!-- mahi.TestNG -->
