<?xml version="1.0" encoding="UTF-8"?>
<!-- Generated by org.testng.reporters.JUnitReportReporter -->
<testsuite hostname="DESKTOP-QH90NO7" failures="0" tests="1" name="mahi.Ts" time="0.019" errors="0" timestamp="27 Apr 2021 06:54:50 GMT" skipped="0">
  <testcase classname="mahi.Ts" name="ts1" time="0.019"/>
</testsuite> <!-- mahi.Ts -->
